<?xml version="1.0" encoding="UTF-8"?>
<!-- Generated by org.testng.reporters.JUnitXMLReporter -->
<testsuite ignored="0" hostname="DESKTOP-F51SULS" failures="1" tests="1" name="Error Validation Test" time="8.393" errors="0" timestamp="2023-07-27T11:57:28 IST">
  <testcase classname="HariGovindAcademy.ErrorValidation" name="LoginErrorValidation" time="0.706">
    <failure type="java.lang.AssertionError" message="expected [Incorrect email or password.] but found [Incosrrect email or password.]">
      <![CDATA[java.lang.AssertionError: expected [Incorrect email or password.] but found [Incosrrect email or password.]
at HariGovindAcademy.ErrorValidation.LoginErrorValidation(ErrorValidation.java:28)
at java.base/java.util.ArrayList.forEach(ArrayList.java:1511)
... Removed 33 stack frames]]>
    </failure>
  </testcase> <!-- LoginErrorValidation -->
</testsuite> <!-- Error Validation Test -->
