<?xml version="1.0" encoding="UTF-8"?>
<!-- Generated by org.testng.reporters.JUnitReportReporter -->
<testsuite hostname="DESKTOP-F51SULS" failures="1" tests="1" name="Cucumber.TestNGCucumberRunner" time="7.155" errors="0" timestamp="2023-07-27T10:47:20 IST" skipped="0">
  <testcase classname="Cucumber.TestNGCucumberRunner" name="runScenario" time="7.155">
    <failure message="expected [Incorrect email or password.] but found [Incordrect email or password.]" type="java.lang.AssertionError">
      <![CDATA[java.lang.AssertionError: expected [Incorrect email or password.] but found [Incordrect email or password.]
at org.testng.Assert.fail(Assert.java:111)
at org.testng.Assert.failNotEquals(Assert.java:1578)
at org.testng.Assert.assertEqualsImpl(Assert.java:150)
at org.testng.Assert.assertEquals(Assert.java:132)
at org.testng.Assert.assertEquals(Assert.java:656)
at org.testng.Assert.assertEquals(Assert.java:666)
at CucumberStepDefPack.StepDefination_Cucumber.Login_Cred_Error_Validation(StepDefination_Cucumber.java:76)
at ✽.verify the "Incordrect email or password." for the Login credential.(file:///E:/Application%20File/Practice%20eclipse/SaleniumFrameworkDesign/src/test/java/Cucumber/ErrorValidation.feature:8)
]]>
    </failure>
  </testcase> <!-- runScenario -->
</testsuite> <!-- Cucumber.TestNGCucumberRunner -->
